[debug] [2022-08-16T10:03:24.302Z] ----------------------------------------------------------------------
[debug] [2022-08-16T10:03:24.304Z] Command:       /Users/krsut/.nvm/versions/node/v18.6.0/bin/node /Users/krsut/.nvm/versions/node/v18.6.0/bin/firebase deploy --only functions
[debug] [2022-08-16T10:03:24.304Z] CLI Version:   11.6.0
[debug] [2022-08-16T10:03:24.304Z] Platform:      darwin
[debug] [2022-08-16T10:03:24.304Z] Node Version:  v18.6.0
[debug] [2022-08-16T10:03:24.305Z] Time:          Tue Aug 16 2022 19:03:24 GMT+0900 (대한민국 표준시)
[debug] [2022-08-16T10:03:24.305Z] ----------------------------------------------------------------------
[debug] 
[debug] [2022-08-16T10:03:24.308Z] >>> [apiv2][query] GET https://firebase-public.firebaseio.com/cli.json [none]
[debug] [2022-08-16T10:03:24.389Z] > command requires scopes: ["email","openid","https://www.googleapis.com/auth/cloudplatformprojects.readonly","https://www.googleapis.com/auth/firebase","https://www.googleapis.com/auth/cloud-platform"]
[debug] [2022-08-16T10:03:24.390Z] > authorizing via signed-in user (skipiano@gmail.com)
[debug] [2022-08-16T10:03:24.390Z] [iam] checking project wagmi-242e9 for permissions ["cloudfunctions.functions.create","cloudfunctions.functions.delete","cloudfunctions.functions.get","cloudfunctions.functions.list","cloudfunctions.functions.update","cloudfunctions.operations.get","firebase.projects.get"]
[debug] [2022-08-16T10:03:24.390Z] > refreshing access token with scopes: []
[debug] [2022-08-16T10:03:24.391Z] >>> [apiv2][query] POST https://www.googleapis.com/oauth2/v3/token [none]
[debug] [2022-08-16T10:03:24.391Z] >>> [apiv2][body] POST https://www.googleapis.com/oauth2/v3/token [omitted]
[debug] [2022-08-16T10:03:24.641Z] <<< [apiv2][status] POST https://www.googleapis.com/oauth2/v3/token 200
[debug] [2022-08-16T10:03:24.641Z] <<< [apiv2][body] POST https://www.googleapis.com/oauth2/v3/token [omitted]
[debug] [2022-08-16T10:03:24.686Z] >>> [apiv2][query] POST https://cloudresourcemanager.googleapis.com/v1/projects/wagmi-242e9:testIamPermissions [none]
[debug] [2022-08-16T10:03:24.686Z] >>> [apiv2][(partial)header] POST https://cloudresourcemanager.googleapis.com/v1/projects/wagmi-242e9:testIamPermissions x-goog-quota-user=projects/wagmi-242e9
[debug] [2022-08-16T10:03:24.686Z] >>> [apiv2][body] POST https://cloudresourcemanager.googleapis.com/v1/projects/wagmi-242e9:testIamPermissions {"permissions":["cloudfunctions.functions.create","cloudfunctions.functions.delete","cloudfunctions.functions.get","cloudfunctions.functions.list","cloudfunctions.functions.update","cloudfunctions.operations.get","firebase.projects.get"]}
[debug] [2022-08-16T10:03:24.790Z] <<< [apiv2][status] GET https://firebase-public.firebaseio.com/cli.json 200
[debug] [2022-08-16T10:03:24.790Z] <<< [apiv2][body] GET https://firebase-public.firebaseio.com/cli.json {"cloudBuildErrorAfter":1594252800000,"cloudBuildWarnAfter":1590019200000,"defaultNode10After":1594252800000,"minVersion":"3.0.5","node8DeploysDisabledAfter":1613390400000,"node8RuntimeDisabledAfter":1615809600000,"node8WarnAfter":1600128000000}
[debug] [2022-08-16T10:03:25.570Z] <<< [apiv2][status] POST https://cloudresourcemanager.googleapis.com/v1/projects/wagmi-242e9:testIamPermissions 200
[debug] [2022-08-16T10:03:25.571Z] <<< [apiv2][body] POST https://cloudresourcemanager.googleapis.com/v1/projects/wagmi-242e9:testIamPermissions {"permissions":["cloudfunctions.functions.create","cloudfunctions.functions.delete","cloudfunctions.functions.get","cloudfunctions.functions.list","cloudfunctions.functions.update","cloudfunctions.operations.get","firebase.projects.get"]}
[debug] [2022-08-16T10:03:25.571Z] >>> [apiv2][query] POST https://iam.googleapis.com/v1/projects/wagmi-242e9/serviceAccounts/wagmi-242e9@appspot.gserviceaccount.com:testIamPermissions [none]
[debug] [2022-08-16T10:03:25.571Z] >>> [apiv2][body] POST https://iam.googleapis.com/v1/projects/wagmi-242e9/serviceAccounts/wagmi-242e9@appspot.gserviceaccount.com:testIamPermissions {"permissions":["iam.serviceAccounts.actAs"]}
[debug] [2022-08-16T10:03:26.391Z] <<< [apiv2][status] POST https://iam.googleapis.com/v1/projects/wagmi-242e9/serviceAccounts/wagmi-242e9@appspot.gserviceaccount.com:testIamPermissions 200
[debug] [2022-08-16T10:03:26.392Z] <<< [apiv2][body] POST https://iam.googleapis.com/v1/projects/wagmi-242e9/serviceAccounts/wagmi-242e9@appspot.gserviceaccount.com:testIamPermissions {"permissions":["iam.serviceAccounts.actAs"]}
[info] 
[info] === Deploying to 'wagmi-242e9'...
[info] 
[info] i  deploying functions 
[info] Running command: npm --prefix "$RESOURCE_DIR" run build
[info] ✔  functions: Finished running predeploy script. 
[debug] [2022-08-16T10:03:31.243Z] >>> [apiv2][query] GET https://firebase.googleapis.com/v1beta1/projects/wagmi-242e9 [none]
[debug] [2022-08-16T10:03:31.721Z] <<< [apiv2][status] GET https://firebase.googleapis.com/v1beta1/projects/wagmi-242e9 200
[debug] [2022-08-16T10:03:31.722Z] <<< [apiv2][body] GET https://firebase.googleapis.com/v1beta1/projects/wagmi-242e9 {"projectId":"wagmi-242e9","projectNumber":"372459376268","displayName":"WAGMI","name":"projects/wagmi-242e9","resources":{"hostingSite":"wagmi-242e9","storageBucket":"wagmi-242e9.appspot.com","locationId":"us-central"},"state":"ACTIVE","etag":"1_176a60b0-9d95-4cef-a9e1-79ba432f8fa8"}
[info] i  functions: ensuring required API cloudfunctions.googleapis.com is enabled... 
[info] i  functions: ensuring required API cloudbuild.googleapis.com is enabled... 
[info] i  artifactregistry: ensuring required API artifactregistry.googleapis.com is enabled... 
[debug] [2022-08-16T10:03:31.724Z] >>> [apiv2][query] GET https://serviceusage.googleapis.com/v1/projects/wagmi-242e9/services/cloudfunctions.googleapis.com [none]
[debug] [2022-08-16T10:03:31.725Z] >>> [apiv2][query] GET https://serviceusage.googleapis.com/v1/projects/wagmi-242e9/services/runtimeconfig.googleapis.com [none]
[debug] [2022-08-16T10:03:31.726Z] >>> [apiv2][query] GET https://serviceusage.googleapis.com/v1/projects/wagmi-242e9/services/cloudbuild.googleapis.com [none]
[debug] [2022-08-16T10:03:31.727Z] >>> [apiv2][query] GET https://serviceusage.googleapis.com/v1/projects/wagmi-242e9/services/artifactregistry.googleapis.com [none]
[debug] [2022-08-16T10:03:32.963Z] <<< [apiv2][status] GET https://serviceusage.googleapis.com/v1/projects/wagmi-242e9/services/cloudfunctions.googleapis.com 200
[debug] [2022-08-16T10:03:32.963Z] <<< [apiv2][body] GET https://serviceusage.googleapis.com/v1/projects/wagmi-242e9/services/cloudfunctions.googleapis.com [omitted]
[info] ✔  functions: required API cloudfunctions.googleapis.com is enabled 
[debug] [2022-08-16T10:03:32.964Z] <<< [apiv2][status] GET https://serviceusage.googleapis.com/v1/projects/wagmi-242e9/services/artifactregistry.googleapis.com 200
[debug] [2022-08-16T10:03:32.964Z] <<< [apiv2][body] GET https://serviceusage.googleapis.com/v1/projects/wagmi-242e9/services/artifactregistry.googleapis.com [omitted]
[info] ✔  artifactregistry: required API artifactregistry.googleapis.com is enabled 
[debug] [2022-08-16T10:03:32.965Z] <<< [apiv2][status] GET https://serviceusage.googleapis.com/v1/projects/wagmi-242e9/services/cloudbuild.googleapis.com 200
[debug] [2022-08-16T10:03:32.965Z] <<< [apiv2][body] GET https://serviceusage.googleapis.com/v1/projects/wagmi-242e9/services/cloudbuild.googleapis.com [omitted]
[info] ✔  functions: required API cloudbuild.googleapis.com is enabled 
[debug] [2022-08-16T10:03:32.971Z] <<< [apiv2][status] GET https://serviceusage.googleapis.com/v1/projects/wagmi-242e9/services/runtimeconfig.googleapis.com 200
[debug] [2022-08-16T10:03:32.971Z] <<< [apiv2][body] GET https://serviceusage.googleapis.com/v1/projects/wagmi-242e9/services/runtimeconfig.googleapis.com [omitted]
[debug] [2022-08-16T10:03:32.971Z] >>> [apiv2][query] GET https://firebase.googleapis.com/v1beta1/projects/wagmi-242e9/adminSdkConfig [none]
[debug] [2022-08-16T10:03:33.609Z] <<< [apiv2][status] GET https://firebase.googleapis.com/v1beta1/projects/wagmi-242e9/adminSdkConfig 200
[debug] [2022-08-16T10:03:33.609Z] <<< [apiv2][body] GET https://firebase.googleapis.com/v1beta1/projects/wagmi-242e9/adminSdkConfig {"projectId":"wagmi-242e9","storageBucket":"wagmi-242e9.appspot.com","locationId":"us-central"}
[debug] [2022-08-16T10:03:33.610Z] >>> [apiv2][query] GET https://runtimeconfig.googleapis.com/v1beta1/projects/wagmi-242e9/configs [none]
[debug] [2022-08-16T10:03:34.989Z] <<< [apiv2][status] GET https://runtimeconfig.googleapis.com/v1beta1/projects/wagmi-242e9/configs 200
[debug] [2022-08-16T10:03:34.989Z] <<< [apiv2][body] GET https://runtimeconfig.googleapis.com/v1beta1/projects/wagmi-242e9/configs {}
[info] i  functions: preparing codebase default for deployment 
[debug] [2022-08-16T10:03:34.991Z] Validating nodejs source
[debug] [2022-08-16T10:03:36.040Z] > [functions] package.json contents: {
  "name": "functions",
  "scripts": {
    "build": "tsc",
    "build:watch": "tsc --watch",
    "serve": "npm run build && firebase emulators:start --only functions",
    "shell": "npm run build && firebase functions:shell",
    "start": "npm run shell",
    "deploy": "firebase deploy --only functions",
    "logs": "firebase functions:log"
  },
  "engines": {
    "node": "16"
  },
  "main": "lib/index.js",
  "dependencies": {
    "firebase-admin": "^10.2.0",
    "firebase-functions": "^3.21.0"
  },
  "devDependencies": {
    "typescript": "^4.6.4"
  },
  "private": true
}
[debug] [2022-08-16T10:03:36.040Z] Building nodejs source
[debug] [2022-08-16T10:03:36.042Z] Could not find functions.yaml. Must use http discovery
[debug] [2022-08-16T10:03:36.218Z] Serving at port 9005

[debug] [2022-08-16T10:03:36.298Z] Got response from /__/functions.yaml {"endpoints":{"createUserDocument":{"platform":"gcfv1","eventTrigger":{"eventType":"providers/firebase.auth/eventTypes/user.create","eventFilters":{"resource":"projects/wagmi-242e9"},"retry":false},"labels":{},"entryPoint":"createUserDocument"}},"specVersion":"v1alpha1","requiredAPIs":[]}
[debug] [2022-08-16T10:03:36.303Z] shutdown requested via /__/quitquitquit

[info] i  functions: preparing functions directory for uploading... 
[info] i  functions: packaged /Users/krsut/Desktop/wagmi/functions (57.5 KB) for uploading 
[debug] [2022-08-16T10:03:36.361Z] >>> [apiv2][query] GET https://cloudfunctions.googleapis.com/v1/projects/wagmi-242e9/locations/-/functions [none]
[debug] [2022-08-16T10:03:37.345Z] <<< [apiv2][status] GET https://cloudfunctions.googleapis.com/v1/projects/wagmi-242e9/locations/-/functions 200
[debug] [2022-08-16T10:03:37.345Z] <<< [apiv2][body] GET https://cloudfunctions.googleapis.com/v1/projects/wagmi-242e9/locations/-/functions {"functions":[{"name":"projects/wagmi-242e9/locations/us-central1/functions/createUserDocument","eventTrigger":{"eventType":"providers/firebase.auth/eventTypes/user.create","resource":"projects/wagmi-242e9","service":"firebaseauth.googleapis.com","failurePolicy":{}},"status":"ACTIVE","entryPoint":"createUserDocument","timeout":"60s","availableMemoryMb":256,"serviceAccountEmail":"wagmi-242e9@appspot.gserviceaccount.com","updateTime":"2022-08-12T03:15:04.842Z","versionId":"11","labels":{"deployment-tool":"cli-firebase"},"sourceUploadUrl":"https://storage.googleapis.com/uploads-700894070345.us-central1.cloudfunctions.appspot.com/2e7cbbef-0ba9-49bb-8124-4ba7fadacc27.zip","environmentVariables":{"FIREBASE_CONFIG":"{\"projectId\":\"wagmi-242e9\",\"storageBucket\":\"wagmi-242e9.appspot.com\",\"locationId\":\"us-central\"}","GCLOUD_PROJECT":"wagmi-242e9"},"runtime":"nodejs16","ingressSettings":"ALLOW_ALL","buildId":"d133156b-e2d0-41ff-ad5f-345ce75233b5","buildName":"projects/372459376268/locations/us-central1/builds/d133156b-e2d0-41ff-ad5f-345ce75233b5","dockerRegistry":"ARTIFACT_REGISTRY"},{"name":"projects/wagmi-242e9/locations/us-central1/functions/expressApi","httpsTrigger":{"url":"https://us-central1-wagmi-242e9.cloudfunctions.net/expressApi","securityLevel":"SECURE_ALWAYS"},"status":"ACTIVE","entryPoint":"expressApi","timeout":"60s","availableMemoryMb":256,"serviceAccountEmail":"wagmi-242e9@appspot.gserviceaccount.com","updateTime":"2022-08-12T03:09:55.806Z","versionId":"8","labels":{"deployment-tool":"cli-firebase"},"sourceUploadUrl":"https://storage.googleapis.com/uploads-700894070345.us-central1.cloudfunctions.appspot.com/f9fa67f7-d520-4a0e-ab3b-b8f8284a7fc0.zip","environmentVariables":{"FIREBASE_CONFIG":"{\"projectId\":\"wagmi-242e9\",\"storageBucket\":\"wagmi-242e9.appspot.com\",\"locationId\":\"us-central\"}","GCLOUD_PROJECT":"wagmi-242e9"},"runtime":"nodejs16","ingressSettings":"ALLOW_ALL","buildId":"3dd13c46-4012-46c4-ac51-083d5740f123","buildName":"projects/372459376268/locations/us-central1/builds/3dd13c46-4012-46c4-ac51-083d5740f123","dockerRegistry":"ARTIFACT_REGISTRY"}]}
[debug] [2022-08-16T10:03:37.346Z] >>> [apiv2][query] GET https://cloudfunctions.googleapis.com/v2alpha/projects/wagmi-242e9/locations/-/functions [none]
[debug] [2022-08-16T10:03:38.829Z] <<< [apiv2][status] GET https://cloudfunctions.googleapis.com/v2alpha/projects/wagmi-242e9/locations/-/functions 200
[debug] [2022-08-16T10:03:38.829Z] <<< [apiv2][body] GET https://cloudfunctions.googleapis.com/v2alpha/projects/wagmi-242e9/locations/-/functions {}
[debug] [2022-08-16T10:03:38.837Z] >>> [apiv2][query] GET https://firebase.googleapis.com/v1beta1/projects/wagmi-242e9 [none]
[debug] [2022-08-16T10:03:39.264Z] <<< [apiv2][status] GET https://firebase.googleapis.com/v1beta1/projects/wagmi-242e9 200
[debug] [2022-08-16T10:03:39.264Z] <<< [apiv2][body] GET https://firebase.googleapis.com/v1beta1/projects/wagmi-242e9 {"projectId":"wagmi-242e9","projectNumber":"372459376268","displayName":"WAGMI","name":"projects/wagmi-242e9","resources":{"hostingSite":"wagmi-242e9","storageBucket":"wagmi-242e9.appspot.com","locationId":"us-central"},"state":"ACTIVE","etag":"1_176a60b0-9d95-4cef-a9e1-79ba432f8fa8"}
[debug] [2022-08-16T10:03:39.265Z] >>> [apiv2][query] POST https://cloudfunctions.googleapis.com/v1/projects/wagmi-242e9/locations/us-central1/functions:generateUploadUrl [none]
[debug] [2022-08-16T10:03:39.265Z] >>> [apiv2][body] POST https://cloudfunctions.googleapis.com/v1/projects/wagmi-242e9/locations/us-central1/functions:generateUploadUrl {}
[debug] [2022-08-16T10:03:40.140Z] <<< [apiv2][status] POST https://cloudfunctions.googleapis.com/v1/projects/wagmi-242e9/locations/us-central1/functions:generateUploadUrl 200
[debug] [2022-08-16T10:03:40.140Z] <<< [apiv2][body] POST https://cloudfunctions.googleapis.com/v1/projects/wagmi-242e9/locations/us-central1/functions:generateUploadUrl {"uploadUrl":"https://storage.googleapis.com/uploads-700894070345.us-central1.cloudfunctions.appspot.com/ae9f4ad4-3d15-4224-b7af-091affdb64a2.zip?GoogleAccessId=service-372459376268@gcf-admin-robot.iam.gserviceaccount.com&Expires=1660646019&Signature=QbRuvbHPtBKu0NqUMLhcrBW0pxp5xMXV443uUR8gjKSCj8r9X3aIJ%2BDcawpv0nOPUbOOqS5C6SNk9Qi%2BVDLYVhM3oqOPS2LI%2B4K48RDe%2FSpm%2FkZDEz1Vkp1wYe5ANLO3I%2Bvs2HkMZfyRuuNtnMuf2GQB%2BB%2FnNnIA3rd2DeErACHfeK%2Fkogpv5LNNmd3U0dt%2Bgy9GfQi3nTPu%2FBx83RTg%2FlNEMttrzmRT%2FE%2Fb62kBJ9O2lWhqT%2FR4QQIS6xVmhjCI5%2BeYP3sr7fi3zDMfporo1H7Mpz34Y62HhgUqf1nzF67i6lDwfsReTEHOVK2kWXN3DdKnJd2OzpFKES7CFcVZxg%3D%3D"}
[debug] [2022-08-16T10:03:40.141Z] >>> [apiv2][query] PUT https://storage.googleapis.com/uploads-700894070345.us-central1.cloudfunctions.appspot.com/ae9f4ad4-3d15-4224-b7af-091affdb64a2.zip GoogleAccessId=service-372459376268%40gcf-admin-robot.iam.gserviceaccount.com&Expires=1660646019&Signature=QbRuvbHPtBKu0NqUMLhcrBW0pxp5xMXV443uUR8gjKSCj8r9X3aIJ%2BDcawpv0nOPUbOOqS5C6SNk9Qi%2BVDLYVhM3oqOPS2LI%2B4K48RDe%2FSpm%2FkZDEz1Vkp1wYe5ANLO3I%2Bvs2HkMZfyRuuNtnMuf2GQB%2BB%2FnNnIA3rd2DeErACHfeK%2Fkogpv5LNNmd3U0dt%2Bgy9GfQi3nTPu%2FBx83RTg%2FlNEMttrzmRT%2FE%2Fb62kBJ9O2lWhqT%2FR4QQIS6xVmhjCI5%2BeYP3sr7fi3zDMfporo1H7Mpz34Y62HhgUqf1nzF67i6lDwfsReTEHOVK2kWXN3DdKnJd2OzpFKES7CFcVZxg%3D%3D
[debug] [2022-08-16T10:03:40.141Z] >>> [apiv2][body] PUT https://storage.googleapis.com/uploads-700894070345.us-central1.cloudfunctions.appspot.com/ae9f4ad4-3d15-4224-b7af-091affdb64a2.zip [stream]
[debug] [2022-08-16T10:03:40.876Z] <<< [apiv2][status] PUT https://storage.googleapis.com/uploads-700894070345.us-central1.cloudfunctions.appspot.com/ae9f4ad4-3d15-4224-b7af-091affdb64a2.zip 200
[debug] [2022-08-16T10:03:40.876Z] <<< [apiv2][body] PUT https://storage.googleapis.com/uploads-700894070345.us-central1.cloudfunctions.appspot.com/ae9f4ad4-3d15-4224-b7af-091affdb64a2.zip [omitted]
[info] ✔  functions: functions folder uploaded successfully 
[info] 
The following functions are found in your project but do not exist in your local source code:
	expressApi(us-central1)

If you are renaming a function or changing its region, it is recommended that you create the new function first before deleting the old one to prevent event loss. For more info, visit https://firebase.google.com/docs/functions/manage-functions#modify

[info] i  functions: updating Node.js 16 function createUserDocument(us-central1)... 
[debug] [2022-08-16T10:03:42.663Z] >>> [apiv2][query] PATCH https://cloudfunctions.googleapis.com/v1/projects/wagmi-242e9/locations/us-central1/functions/createUserDocument updateMask=name%2CsourceUploadUrl%2CentryPoint%2Cruntime%2CdockerRegistry%2Clabels%2CeventTrigger.eventType%2CeventTrigger.resource%2CeventTrigger.failurePolicy%2CenvironmentVariables%2CavailableMemoryMb%2CsourceToken
[debug] [2022-08-16T10:03:42.663Z] >>> [apiv2][body] PATCH https://cloudfunctions.googleapis.com/v1/projects/wagmi-242e9/locations/us-central1/functions/createUserDocument {"name":"projects/wagmi-242e9/locations/us-central1/functions/createUserDocument","sourceUploadUrl":"https://storage.googleapis.com/uploads-700894070345.us-central1.cloudfunctions.appspot.com/ae9f4ad4-3d15-4224-b7af-091affdb64a2.zip?GoogleAccessId=service-372459376268@gcf-admin-robot.iam.gserviceaccount.com&Expires=1660646019&Signature=QbRuvbHPtBKu0NqUMLhcrBW0pxp5xMXV443uUR8gjKSCj8r9X3aIJ%2BDcawpv0nOPUbOOqS5C6SNk9Qi%2BVDLYVhM3oqOPS2LI%2B4K48RDe%2FSpm%2FkZDEz1Vkp1wYe5ANLO3I%2Bvs2HkMZfyRuuNtnMuf2GQB%2BB%2FnNnIA3rd2DeErACHfeK%2Fkogpv5LNNmd3U0dt%2Bgy9GfQi3nTPu%2FBx83RTg%2FlNEMttrzmRT%2FE%2Fb62kBJ9O2lWhqT%2FR4QQIS6xVmhjCI5%2BeYP3sr7fi3zDMfporo1H7Mpz34Y62HhgUqf1nzF67i6lDwfsReTEHOVK2kWXN3DdKnJd2OzpFKES7CFcVZxg%3D%3D","entryPoint":"createUserDocument","runtime":"nodejs16","dockerRegistry":"ARTIFACT_REGISTRY","labels":{"deployment-tool":"cli-firebase"},"eventTrigger":{"eventType":"providers/firebase.auth/eventTypes/user.create","resource":"projects/wagmi-242e9"},"environmentVariables":{"FIREBASE_CONFIG":"{\"projectId\":\"wagmi-242e9\",\"storageBucket\":\"wagmi-242e9.appspot.com\",\"locationId\":\"us-central\"}","GCLOUD_PROJECT":"wagmi-242e9"},"availableMemoryMb":256}
[debug] [2022-08-16T10:03:43.516Z] <<< [apiv2][status] PATCH https://cloudfunctions.googleapis.com/v1/projects/wagmi-242e9/locations/us-central1/functions/createUserDocument 200
[debug] [2022-08-16T10:03:43.516Z] <<< [apiv2][body] PATCH https://cloudfunctions.googleapis.com/v1/projects/wagmi-242e9/locations/us-central1/functions/createUserDocument {"name":"operations/d2FnbWktMjQyZTkvdXMtY2VudHJhbDEvY3JlYXRlVXNlckRvY3VtZW50L3o2NnJBZThnLTRn","metadata":{"@type":"type.googleapis.com/google.cloud.functions.v1.OperationMetadataV1","target":"projects/wagmi-242e9/locations/us-central1/functions/createUserDocument","type":"UPDATE_FUNCTION","request":{"@type":"type.googleapis.com/google.cloud.functions.v1.CloudFunction","name":"projects/wagmi-242e9/locations/us-central1/functions/createUserDocument","eventTrigger":{"eventType":"providers/firebase.auth/eventTypes/user.create","resource":"projects/wagmi-242e9","service":"firebaseauth.googleapis.com"},"status":"ACTIVE","entryPoint":"createUserDocument","timeout":"60s","availableMemoryMb":256,"serviceAccountEmail":"wagmi-242e9@appspot.gserviceaccount.com","updateTime":"2022-08-12T03:15:04.842Z","versionId":"11","labels":{"deployment-tool":"cli-firebase"},"sourceUploadUrl":"https://storage.googleapis.com/uploads-700894070345.us-central1.cloudfunctions.appspot.com/ae9f4ad4-3d15-4224-b7af-091affdb64a2.zip?GoogleAccessId=service-372459376268@gcf-admin-robot.iam.gserviceaccount.com&Expires=1660646019&Signature=QbRuvbHPtBKu0NqUMLhcrBW0pxp5xMXV443uUR8gjKSCj8r9X3aIJ%2BDcawpv0nOPUbOOqS5C6SNk9Qi%2BVDLYVhM3oqOPS2LI%2B4K48RDe%2FSpm%2FkZDEz1Vkp1wYe5ANLO3I%2Bvs2HkMZfyRuuNtnMuf2GQB%2BB%2FnNnIA3rd2DeErACHfeK%2Fkogpv5LNNmd3U0dt%2Bgy9GfQi3nTPu%2FBx83RTg%2FlNEMttrzmRT%2FE%2Fb62kBJ9O2lWhqT%2FR4QQIS6xVmhjCI5%2BeYP3sr7fi3zDMfporo1H7Mpz34Y62HhgUqf1nzF67i6lDwfsReTEHOVK2kWXN3DdKnJd2OzpFKES7CFcVZxg%3D%3D","environmentVariables":{"FIREBASE_CONFIG":"{\"projectId\":\"wagmi-242e9\",\"storageBucket\":\"wagmi-242e9.appspot.com\",\"locationId\":\"us-central\"}","GCLOUD_PROJECT":"wagmi-242e9"},"runtime":"nodejs16","ingressSettings":"ALLOW_ALL","buildId":"d133156b-e2d0-41ff-ad5f-345ce75233b5","buildName":"projects/372459376268/locations/us-central1/builds/d133156b-e2d0-41ff-ad5f-345ce75233b5","dockerRegistry":"ARTIFACT_REGISTRY"},"versionId":"12","updateTime":"2022-08-16T10:03:43Z"}}
[debug] [2022-08-16T10:03:43.517Z] >>> [apiv2][query] GET https://cloudfunctions.googleapis.com/v1/operations/d2FnbWktMjQyZTkvdXMtY2VudHJhbDEvY3JlYXRlVXNlckRvY3VtZW50L3o2NnJBZThnLTRn [none]
[debug] [2022-08-16T10:03:44.027Z] <<< [apiv2][status] GET https://cloudfunctions.googleapis.com/v1/operations/d2FnbWktMjQyZTkvdXMtY2VudHJhbDEvY3JlYXRlVXNlckRvY3VtZW50L3o2NnJBZThnLTRn 200
[debug] [2022-08-16T10:03:44.027Z] <<< [apiv2][body] GET https://cloudfunctions.googleapis.com/v1/operations/d2FnbWktMjQyZTkvdXMtY2VudHJhbDEvY3JlYXRlVXNlckRvY3VtZW50L3o2NnJBZThnLTRn {"name":"operations/d2FnbWktMjQyZTkvdXMtY2VudHJhbDEvY3JlYXRlVXNlckRvY3VtZW50L3o2NnJBZThnLTRn","metadata":{"@type":"type.googleapis.com/google.cloud.functions.v1.OperationMetadataV1","target":"projects/wagmi-242e9/locations/us-central1/functions/createUserDocument","type":"UPDATE_FUNCTION","request":{"@type":"type.googleapis.com/google.cloud.functions.v1.CloudFunction","name":"projects/wagmi-242e9/locations/us-central1/functions/createUserDocument","eventTrigger":{"eventType":"providers/firebase.auth/eventTypes/user.create","resource":"projects/wagmi-242e9","service":"firebaseauth.googleapis.com"},"status":"ACTIVE","entryPoint":"createUserDocument","timeout":"60s","availableMemoryMb":256,"serviceAccountEmail":"wagmi-242e9@appspot.gserviceaccount.com","updateTime":"2022-08-12T03:15:04.842Z","versionId":"11","labels":{"deployment-tool":"cli-firebase"},"sourceUploadUrl":"https://storage.googleapis.com/uploads-700894070345.us-central1.cloudfunctions.appspot.com/ae9f4ad4-3d15-4224-b7af-091affdb64a2.zip?GoogleAccessId=service-372459376268@gcf-admin-robot.iam.gserviceaccount.com&Expires=1660646019&Signature=QbRuvbHPtBKu0NqUMLhcrBW0pxp5xMXV443uUR8gjKSCj8r9X3aIJ%2BDcawpv0nOPUbOOqS5C6SNk9Qi%2BVDLYVhM3oqOPS2LI%2B4K48RDe%2FSpm%2FkZDEz1Vkp1wYe5ANLO3I%2Bvs2HkMZfyRuuNtnMuf2GQB%2BB%2FnNnIA3rd2DeErACHfeK%2Fkogpv5LNNmd3U0dt%2Bgy9GfQi3nTPu%2FBx83RTg%2FlNEMttrzmRT%2FE%2Fb62kBJ9O2lWhqT%2FR4QQIS6xVmhjCI5%2BeYP3sr7fi3zDMfporo1H7Mpz34Y62HhgUqf1nzF67i6lDwfsReTEHOVK2kWXN3DdKnJd2OzpFKES7CFcVZxg%3D%3D","environmentVariables":{"FIREBASE_CONFIG":"{\"projectId\":\"wagmi-242e9\",\"storageBucket\":\"wagmi-242e9.appspot.com\",\"locationId\":\"us-central\"}","GCLOUD_PROJECT":"wagmi-242e9"},"runtime":"nodejs16","ingressSettings":"ALLOW_ALL","buildId":"d133156b-e2d0-41ff-ad5f-345ce75233b5","buildName":"projects/372459376268/locations/us-central1/builds/d133156b-e2d0-41ff-ad5f-345ce75233b5","dockerRegistry":"ARTIFACT_REGISTRY"},"versionId":"12","updateTime":"2022-08-16T10:03:43Z"}}
[debug] [2022-08-16T10:03:44.530Z] [update-default-us-central1-createUserDocument] Retrying task index 0
[debug] [2022-08-16T10:03:44.531Z] >>> [apiv2][query] GET https://cloudfunctions.googleapis.com/v1/operations/d2FnbWktMjQyZTkvdXMtY2VudHJhbDEvY3JlYXRlVXNlckRvY3VtZW50L3o2NnJBZThnLTRn [none]
[debug] [2022-08-16T10:03:45.001Z] <<< [apiv2][status] GET https://cloudfunctions.googleapis.com/v1/operations/d2FnbWktMjQyZTkvdXMtY2VudHJhbDEvY3JlYXRlVXNlckRvY3VtZW50L3o2NnJBZThnLTRn 200
[debug] [2022-08-16T10:03:45.001Z] <<< [apiv2][body] GET https://cloudfunctions.googleapis.com/v1/operations/d2FnbWktMjQyZTkvdXMtY2VudHJhbDEvY3JlYXRlVXNlckRvY3VtZW50L3o2NnJBZThnLTRn {"name":"operations/d2FnbWktMjQyZTkvdXMtY2VudHJhbDEvY3JlYXRlVXNlckRvY3VtZW50L3o2NnJBZThnLTRn","metadata":{"@type":"type.googleapis.com/google.cloud.functions.v1.OperationMetadataV1","target":"projects/wagmi-242e9/locations/us-central1/functions/createUserDocument","type":"UPDATE_FUNCTION","request":{"@type":"type.googleapis.com/google.cloud.functions.v1.CloudFunction","name":"projects/wagmi-242e9/locations/us-central1/functions/createUserDocument","eventTrigger":{"eventType":"providers/firebase.auth/eventTypes/user.create","resource":"projects/wagmi-242e9","service":"firebaseauth.googleapis.com"},"status":"ACTIVE","entryPoint":"createUserDocument","timeout":"60s","availableMemoryMb":256,"serviceAccountEmail":"wagmi-242e9@appspot.gserviceaccount.com","updateTime":"2022-08-12T03:15:04.842Z","versionId":"11","labels":{"deployment-tool":"cli-firebase"},"sourceUploadUrl":"https://storage.googleapis.com/uploads-700894070345.us-central1.cloudfunctions.appspot.com/ae9f4ad4-3d15-4224-b7af-091affdb64a2.zip?GoogleAccessId=service-372459376268@gcf-admin-robot.iam.gserviceaccount.com&Expires=1660646019&Signature=QbRuvbHPtBKu0NqUMLhcrBW0pxp5xMXV443uUR8gjKSCj8r9X3aIJ%2BDcawpv0nOPUbOOqS5C6SNk9Qi%2BVDLYVhM3oqOPS2LI%2B4K48RDe%2FSpm%2FkZDEz1Vkp1wYe5ANLO3I%2Bvs2HkMZfyRuuNtnMuf2GQB%2BB%2FnNnIA3rd2DeErACHfeK%2Fkogpv5LNNmd3U0dt%2Bgy9GfQi3nTPu%2FBx83RTg%2FlNEMttrzmRT%2FE%2Fb62kBJ9O2lWhqT%2FR4QQIS6xVmhjCI5%2BeYP3sr7fi3zDMfporo1H7Mpz34Y62HhgUqf1nzF67i6lDwfsReTEHOVK2kWXN3DdKnJd2OzpFKES7CFcVZxg%3D%3D","environmentVariables":{"FIREBASE_CONFIG":"{\"projectId\":\"wagmi-242e9\",\"storageBucket\":\"wagmi-242e9.appspot.com\",\"locationId\":\"us-central\"}","GCLOUD_PROJECT":"wagmi-242e9"},"runtime":"nodejs16","ingressSettings":"ALLOW_ALL","buildId":"d133156b-e2d0-41ff-ad5f-345ce75233b5","buildName":"projects/372459376268/locations/us-central1/builds/d133156b-e2d0-41ff-ad5f-345ce75233b5","dockerRegistry":"ARTIFACT_REGISTRY"},"versionId":"12","updateTime":"2022-08-16T10:03:43Z","buildId":"a495e003-8ec6-412f-92f7-627fc5d25bbf","buildName":"projects/372459376268/locations/us-central1/builds/a495e003-8ec6-412f-92f7-627fc5d25bbf"}}
[debug] [2022-08-16T10:03:46.005Z] [update-default-us-central1-createUserDocument] Retrying task index 0
[debug] [2022-08-16T10:03:46.005Z] >>> [apiv2][query] GET https://cloudfunctions.googleapis.com/v1/operations/d2FnbWktMjQyZTkvdXMtY2VudHJhbDEvY3JlYXRlVXNlckRvY3VtZW50L3o2NnJBZThnLTRn [none]
[debug] [2022-08-16T10:03:46.564Z] <<< [apiv2][status] GET https://cloudfunctions.googleapis.com/v1/operations/d2FnbWktMjQyZTkvdXMtY2VudHJhbDEvY3JlYXRlVXNlckRvY3VtZW50L3o2NnJBZThnLTRn 200
[debug] [2022-08-16T10:03:46.564Z] <<< [apiv2][body] GET https://cloudfunctions.googleapis.com/v1/operations/d2FnbWktMjQyZTkvdXMtY2VudHJhbDEvY3JlYXRlVXNlckRvY3VtZW50L3o2NnJBZThnLTRn {"name":"operations/d2FnbWktMjQyZTkvdXMtY2VudHJhbDEvY3JlYXRlVXNlckRvY3VtZW50L3o2NnJBZThnLTRn","metadata":{"@type":"type.googleapis.com/google.cloud.functions.v1.OperationMetadataV1","target":"projects/wagmi-242e9/locations/us-central1/functions/createUserDocument","type":"UPDATE_FUNCTION","request":{"@type":"type.googleapis.com/google.cloud.functions.v1.CloudFunction","name":"projects/wagmi-242e9/locations/us-central1/functions/createUserDocument","eventTrigger":{"eventType":"providers/firebase.auth/eventTypes/user.create","resource":"projects/wagmi-242e9","service":"firebaseauth.googleapis.com"},"status":"ACTIVE","entryPoint":"createUserDocument","timeout":"60s","availableMemoryMb":256,"serviceAccountEmail":"wagmi-242e9@appspot.gserviceaccount.com","updateTime":"2022-08-12T03:15:04.842Z","versionId":"11","labels":{"deployment-tool":"cli-firebase"},"sourceUploadUrl":"https://storage.googleapis.com/uploads-700894070345.us-central1.cloudfunctions.appspot.com/ae9f4ad4-3d15-4224-b7af-091affdb64a2.zip?GoogleAccessId=service-372459376268@gcf-admin-robot.iam.gserviceaccount.com&Expires=1660646019&Signature=QbRuvbHPtBKu0NqUMLhcrBW0pxp5xMXV443uUR8gjKSCj8r9X3aIJ%2BDcawpv0nOPUbOOqS5C6SNk9Qi%2BVDLYVhM3oqOPS2LI%2B4K48RDe%2FSpm%2FkZDEz1Vkp1wYe5ANLO3I%2Bvs2HkMZfyRuuNtnMuf2GQB%2BB%2FnNnIA3rd2DeErACHfeK%2Fkogpv5LNNmd3U0dt%2Bgy9GfQi3nTPu%2FBx83RTg%2FlNEMttrzmRT%2FE%2Fb62kBJ9O2lWhqT%2FR4QQIS6xVmhjCI5%2BeYP3sr7fi3zDMfporo1H7Mpz34Y62HhgUqf1nzF67i6lDwfsReTEHOVK2kWXN3DdKnJd2OzpFKES7CFcVZxg%3D%3D","environmentVariables":{"FIREBASE_CONFIG":"{\"projectId\":\"wagmi-242e9\",\"storageBucket\":\"wagmi-242e9.appspot.com\",\"locationId\":\"us-central\"}","GCLOUD_PROJECT":"wagmi-242e9"},"runtime":"nodejs16","ingressSettings":"ALLOW_ALL","buildId":"d133156b-e2d0-41ff-ad5f-345ce75233b5","buildName":"projects/372459376268/locations/us-central1/builds/d133156b-e2d0-41ff-ad5f-345ce75233b5","dockerRegistry":"ARTIFACT_REGISTRY"},"versionId":"12","updateTime":"2022-08-16T10:03:43Z","buildId":"a495e003-8ec6-412f-92f7-627fc5d25bbf","buildName":"projects/372459376268/locations/us-central1/builds/a495e003-8ec6-412f-92f7-627fc5d25bbf"}}
[debug] [2022-08-16T10:03:48.566Z] [update-default-us-central1-createUserDocument] Retrying task index 0
[debug] [2022-08-16T10:03:48.566Z] >>> [apiv2][query] GET https://cloudfunctions.googleapis.com/v1/operations/d2FnbWktMjQyZTkvdXMtY2VudHJhbDEvY3JlYXRlVXNlckRvY3VtZW50L3o2NnJBZThnLTRn [none]
[debug] [2022-08-16T10:03:49.275Z] <<< [apiv2][status] GET https://cloudfunctions.googleapis.com/v1/operations/d2FnbWktMjQyZTkvdXMtY2VudHJhbDEvY3JlYXRlVXNlckRvY3VtZW50L3o2NnJBZThnLTRn 200
[debug] [2022-08-16T10:03:49.275Z] <<< [apiv2][body] GET https://cloudfunctions.googleapis.com/v1/operations/d2FnbWktMjQyZTkvdXMtY2VudHJhbDEvY3JlYXRlVXNlckRvY3VtZW50L3o2NnJBZThnLTRn {"name":"operations/d2FnbWktMjQyZTkvdXMtY2VudHJhbDEvY3JlYXRlVXNlckRvY3VtZW50L3o2NnJBZThnLTRn","metadata":{"@type":"type.googleapis.com/google.cloud.functions.v1.OperationMetadataV1","target":"projects/wagmi-242e9/locations/us-central1/functions/createUserDocument","type":"UPDATE_FUNCTION","request":{"@type":"type.googleapis.com/google.cloud.functions.v1.CloudFunction","name":"projects/wagmi-242e9/locations/us-central1/functions/createUserDocument","eventTrigger":{"eventType":"providers/firebase.auth/eventTypes/user.create","resource":"projects/wagmi-242e9","service":"firebaseauth.googleapis.com"},"status":"ACTIVE","entryPoint":"createUserDocument","timeout":"60s","availableMemoryMb":256,"serviceAccountEmail":"wagmi-242e9@appspot.gserviceaccount.com","updateTime":"2022-08-12T03:15:04.842Z","versionId":"11","labels":{"deployment-tool":"cli-firebase"},"sourceUploadUrl":"https://storage.googleapis.com/uploads-700894070345.us-central1.cloudfunctions.appspot.com/ae9f4ad4-3d15-4224-b7af-091affdb64a2.zip?GoogleAccessId=service-372459376268@gcf-admin-robot.iam.gserviceaccount.com&Expires=1660646019&Signature=QbRuvbHPtBKu0NqUMLhcrBW0pxp5xMXV443uUR8gjKSCj8r9X3aIJ%2BDcawpv0nOPUbOOqS5C6SNk9Qi%2BVDLYVhM3oqOPS2LI%2B4K48RDe%2FSpm%2FkZDEz1Vkp1wYe5ANLO3I%2Bvs2HkMZfyRuuNtnMuf2GQB%2BB%2FnNnIA3rd2DeErACHfeK%2Fkogpv5LNNmd3U0dt%2Bgy9GfQi3nTPu%2FBx83RTg%2FlNEMttrzmRT%2FE%2Fb62kBJ9O2lWhqT%2FR4QQIS6xVmhjCI5%2BeYP3sr7fi3zDMfporo1H7Mpz34Y62HhgUqf1nzF67i6lDwfsReTEHOVK2kWXN3DdKnJd2OzpFKES7CFcVZxg%3D%3D","environmentVariables":{"FIREBASE_CONFIG":"{\"projectId\":\"wagmi-242e9\",\"storageBucket\":\"wagmi-242e9.appspot.com\",\"locationId\":\"us-central\"}","GCLOUD_PROJECT":"wagmi-242e9"},"runtime":"nodejs16","ingressSettings":"ALLOW_ALL","buildId":"d133156b-e2d0-41ff-ad5f-345ce75233b5","buildName":"projects/372459376268/locations/us-central1/builds/d133156b-e2d0-41ff-ad5f-345ce75233b5","dockerRegistry":"ARTIFACT_REGISTRY"},"versionId":"12","updateTime":"2022-08-16T10:03:43Z","buildId":"a495e003-8ec6-412f-92f7-627fc5d25bbf","buildName":"projects/372459376268/locations/us-central1/builds/a495e003-8ec6-412f-92f7-627fc5d25bbf"}}
[debug] [2022-08-16T10:03:53.278Z] [update-default-us-central1-createUserDocument] Retrying task index 0
[debug] [2022-08-16T10:03:53.278Z] >>> [apiv2][query] GET https://cloudfunctions.googleapis.com/v1/operations/d2FnbWktMjQyZTkvdXMtY2VudHJhbDEvY3JlYXRlVXNlckRvY3VtZW50L3o2NnJBZThnLTRn [none]
[debug] [2022-08-16T10:03:53.902Z] <<< [apiv2][status] GET https://cloudfunctions.googleapis.com/v1/operations/d2FnbWktMjQyZTkvdXMtY2VudHJhbDEvY3JlYXRlVXNlckRvY3VtZW50L3o2NnJBZThnLTRn 200
[debug] [2022-08-16T10:03:53.902Z] <<< [apiv2][body] GET https://cloudfunctions.googleapis.com/v1/operations/d2FnbWktMjQyZTkvdXMtY2VudHJhbDEvY3JlYXRlVXNlckRvY3VtZW50L3o2NnJBZThnLTRn {"name":"operations/d2FnbWktMjQyZTkvdXMtY2VudHJhbDEvY3JlYXRlVXNlckRvY3VtZW50L3o2NnJBZThnLTRn","metadata":{"@type":"type.googleapis.com/google.cloud.functions.v1.OperationMetadataV1","target":"projects/wagmi-242e9/locations/us-central1/functions/createUserDocument","type":"UPDATE_FUNCTION","request":{"@type":"type.googleapis.com/google.cloud.functions.v1.CloudFunction","name":"projects/wagmi-242e9/locations/us-central1/functions/createUserDocument","eventTrigger":{"eventType":"providers/firebase.auth/eventTypes/user.create","resource":"projects/wagmi-242e9","service":"firebaseauth.googleapis.com"},"status":"ACTIVE","entryPoint":"createUserDocument","timeout":"60s","availableMemoryMb":256,"serviceAccountEmail":"wagmi-242e9@appspot.gserviceaccount.com","updateTime":"2022-08-12T03:15:04.842Z","versionId":"11","labels":{"deployment-tool":"cli-firebase"},"sourceUploadUrl":"https://storage.googleapis.com/uploads-700894070345.us-central1.cloudfunctions.appspot.com/ae9f4ad4-3d15-4224-b7af-091affdb64a2.zip?GoogleAccessId=service-372459376268@gcf-admin-robot.iam.gserviceaccount.com&Expires=1660646019&Signature=QbRuvbHPtBKu0NqUMLhcrBW0pxp5xMXV443uUR8gjKSCj8r9X3aIJ%2BDcawpv0nOPUbOOqS5C6SNk9Qi%2BVDLYVhM3oqOPS2LI%2B4K48RDe%2FSpm%2FkZDEz1Vkp1wYe5ANLO3I%2Bvs2HkMZfyRuuNtnMuf2GQB%2BB%2FnNnIA3rd2DeErACHfeK%2Fkogpv5LNNmd3U0dt%2Bgy9GfQi3nTPu%2FBx83RTg%2FlNEMttrzmRT%2FE%2Fb62kBJ9O2lWhqT%2FR4QQIS6xVmhjCI5%2BeYP3sr7fi3zDMfporo1H7Mpz34Y62HhgUqf1nzF67i6lDwfsReTEHOVK2kWXN3DdKnJd2OzpFKES7CFcVZxg%3D%3D","environmentVariables":{"FIREBASE_CONFIG":"{\"projectId\":\"wagmi-242e9\",\"storageBucket\":\"wagmi-242e9.appspot.com\",\"locationId\":\"us-central\"}","GCLOUD_PROJECT":"wagmi-242e9"},"runtime":"nodejs16","ingressSettings":"ALLOW_ALL","buildId":"d133156b-e2d0-41ff-ad5f-345ce75233b5","buildName":"projects/372459376268/locations/us-central1/builds/d133156b-e2d0-41ff-ad5f-345ce75233b5","dockerRegistry":"ARTIFACT_REGISTRY"},"versionId":"12","updateTime":"2022-08-16T10:03:43Z","buildId":"a495e003-8ec6-412f-92f7-627fc5d25bbf","buildName":"projects/372459376268/locations/us-central1/builds/a495e003-8ec6-412f-92f7-627fc5d25bbf"}}
[debug] [2022-08-16T10:04:01.906Z] [update-default-us-central1-createUserDocument] Retrying task index 0
[debug] [2022-08-16T10:04:01.906Z] >>> [apiv2][query] GET https://cloudfunctions.googleapis.com/v1/operations/d2FnbWktMjQyZTkvdXMtY2VudHJhbDEvY3JlYXRlVXNlckRvY3VtZW50L3o2NnJBZThnLTRn [none]
[debug] [2022-08-16T10:04:02.438Z] <<< [apiv2][status] GET https://cloudfunctions.googleapis.com/v1/operations/d2FnbWktMjQyZTkvdXMtY2VudHJhbDEvY3JlYXRlVXNlckRvY3VtZW50L3o2NnJBZThnLTRn 200
[debug] [2022-08-16T10:04:02.439Z] <<< [apiv2][body] GET https://cloudfunctions.googleapis.com/v1/operations/d2FnbWktMjQyZTkvdXMtY2VudHJhbDEvY3JlYXRlVXNlckRvY3VtZW50L3o2NnJBZThnLTRn {"name":"operations/d2FnbWktMjQyZTkvdXMtY2VudHJhbDEvY3JlYXRlVXNlckRvY3VtZW50L3o2NnJBZThnLTRn","metadata":{"@type":"type.googleapis.com/google.cloud.functions.v1.OperationMetadataV1","target":"projects/wagmi-242e9/locations/us-central1/functions/createUserDocument","type":"UPDATE_FUNCTION","request":{"@type":"type.googleapis.com/google.cloud.functions.v1.CloudFunction","name":"projects/wagmi-242e9/locations/us-central1/functions/createUserDocument","eventTrigger":{"eventType":"providers/firebase.auth/eventTypes/user.create","resource":"projects/wagmi-242e9","service":"firebaseauth.googleapis.com"},"status":"ACTIVE","entryPoint":"createUserDocument","timeout":"60s","availableMemoryMb":256,"serviceAccountEmail":"wagmi-242e9@appspot.gserviceaccount.com","updateTime":"2022-08-12T03:15:04.842Z","versionId":"11","labels":{"deployment-tool":"cli-firebase"},"sourceUploadUrl":"https://storage.googleapis.com/uploads-700894070345.us-central1.cloudfunctions.appspot.com/ae9f4ad4-3d15-4224-b7af-091affdb64a2.zip?GoogleAccessId=service-372459376268@gcf-admin-robot.iam.gserviceaccount.com&Expires=1660646019&Signature=QbRuvbHPtBKu0NqUMLhcrBW0pxp5xMXV443uUR8gjKSCj8r9X3aIJ%2BDcawpv0nOPUbOOqS5C6SNk9Qi%2BVDLYVhM3oqOPS2LI%2B4K48RDe%2FSpm%2FkZDEz1Vkp1wYe5ANLO3I%2Bvs2HkMZfyRuuNtnMuf2GQB%2BB%2FnNnIA3rd2DeErACHfeK%2Fkogpv5LNNmd3U0dt%2Bgy9GfQi3nTPu%2FBx83RTg%2FlNEMttrzmRT%2FE%2Fb62kBJ9O2lWhqT%2FR4QQIS6xVmhjCI5%2BeYP3sr7fi3zDMfporo1H7Mpz34Y62HhgUqf1nzF67i6lDwfsReTEHOVK2kWXN3DdKnJd2OzpFKES7CFcVZxg%3D%3D","environmentVariables":{"FIREBASE_CONFIG":"{\"projectId\":\"wagmi-242e9\",\"storageBucket\":\"wagmi-242e9.appspot.com\",\"locationId\":\"us-central\"}","GCLOUD_PROJECT":"wagmi-242e9"},"runtime":"nodejs16","ingressSettings":"ALLOW_ALL","buildId":"d133156b-e2d0-41ff-ad5f-345ce75233b5","buildName":"projects/372459376268/locations/us-central1/builds/d133156b-e2d0-41ff-ad5f-345ce75233b5","dockerRegistry":"ARTIFACT_REGISTRY"},"versionId":"12","updateTime":"2022-08-16T10:03:43Z","buildId":"a495e003-8ec6-412f-92f7-627fc5d25bbf","buildName":"projects/372459376268/locations/us-central1/builds/a495e003-8ec6-412f-92f7-627fc5d25bbf"}}
